<?xml version="1.0" encoding="UTF-8"?>
<!-- Generated by org.testng.reporters.JUnitReportReporter -->
<testsuite hostname="florin-PC" failures="0" tests="1" name="curs1.FirstScript" time="1.854" errors="0" timestamp="2023-05-16T21:02:22 EEST" skipped="0">
  <testcase classname="curs1.FirstScript" name="openBrowser" time="1.854"/>
  <system-out/>
</testsuite> <!-- curs1.FirstScript -->
