<?xml version="1.0" encoding="UTF-8"?>
<!-- Generated by org.testng.reporters.JUnitReportReporter -->
<testsuite hostname="florin-PC" failures="0" tests="4" name="curs1.TestExample" time="0.014" errors="0" timestamp="2023-05-16T21:33:53 EEST" skipped="0">
  <testcase classname="curs1.TestExample" name="runMultipleTimes" time="0.002"/>
  <system-out/>
  <testcase classname="curs1.TestExample" name="runMultipleTimes" time="0.008"/>
  <system-out/>
  <testcase classname="curs1.TestExample" name="runMultipleTimes" time="0.002"/>
  <system-out/>
  <testcase classname="curs1.TestExample" name="runMultipleTimes" time="0.002"/>
  <system-out/>
</testsuite> <!-- curs1.TestExample -->
