<?xml version="1.0" encoding="UTF-8"?>
<!-- Generated by org.testng.reporters.JUnitReportReporter -->
<testsuite hostname="florin-PC" failures="0" tests="2" name="curs1.BeforeAfterExample" time="0.031" errors="0" timestamp="2023-05-16T20:56:39 EEST" skipped="0">
  <testcase classname="curs1.BeforeAfterExample" name="test" time="0.022"/>
  <system-out/>
  <testcase classname="curs1.BeforeAfterExample" name="test2" time="0.009"/>
  <system-out/>
</testsuite> <!-- curs1.BeforeAfterExample -->
