<?xml version="1.0" encoding="UTF-8"?>
<!-- Generated by org.testng.reporters.JUnitReportReporter -->
<testsuite hostname="florin-PC" failures="0" tests="4" name="curs1.TestAnnotationExample" time="0.036" errors="0" timestamp="2023-05-16T21:07:45 EEST" skipped="0">
  <testcase classname="curs1.TestAnnotationExample" name="test1" time="0.025"/>
  <system-out/>
  <testcase classname="curs1.TestAnnotationExample" name="test2" time="0.002"/>
  <system-out/>
  <testcase classname="curs1.TestAnnotationExample" name="test3" time="0.004"/>
  <system-out/>
  <testcase classname="curs1.TestAnnotationExample" name="test4" time="0.005"/>
  <system-out/>
</testsuite> <!-- curs1.TestAnnotationExample -->
